1035 [main] INFO  com.korniak.myapp.MyApplication - Starting MyApplication using Java 15.0.1 on pawel-LIFEBOOK-E544 with PID 45808 (/home/pawel/Desktop/MyApp/target/classes started by pawel in /home/pawel/Desktop/MyApp)
1039 [main] INFO  com.korniak.myapp.MyApplication - No active profile set, falling back to default profiles: default
1964 [main] INFO  o.s.b.w.e.tomcat.TomcatWebServer - Tomcat initialized with port(s): 8080 (http)
1970 [main] INFO  o.a.catalina.core.StandardService - Starting service [Tomcat]
1970 [main] INFO  o.a.catalina.core.StandardEngine - Starting Servlet engine: [Apache Tomcat/9.0.41]
2011 [main] INFO  o.a.c.c.C.[Tomcat].[localhost].[/] - Initializing Spring embedded WebApplicationContext
2012 [main] INFO  o.s.b.w.s.c.ServletWebServerApplicationContext - Root WebApplicationContext: initialization completed in 888 ms
2041 [main] INFO  com.korniak.myapp.user.User - User - name: aaa, last name: bbbadded by full constructor
2041 [main] INFO  com.korniak.myapp.user.User - User - name: ccc, last name: dddadded by full constructor
2041 [main] INFO  com.korniak.myapp.user.User - User - name: eee, last name: fffadded by full constructor
2041 [main] INFO  com.korniak.myapp.user.User - User - name: ggg, last name: hhhadded by full constructor
2041 [main] INFO  c.k.m.c.ConnectionController - Users load by loadCars
2129 [main] INFO  o.s.s.c.ThreadPoolTaskExecutor - Initializing ExecutorService 'applicationTaskExecutor'
2176 [main] INFO  o.s.b.a.w.s.WelcomePageHandlerMapping - Adding welcome page template: index
2312 [main] INFO  o.s.b.w.e.tomcat.TomcatWebServer - Tomcat started on port(s): 8080 (http) with context path ''
2321 [main] INFO  com.korniak.myapp.MyApplication - Started MyApplication in 1.856 seconds (JVM running for 3.35)
70380 [http-nio-8080-exec-1] INFO  o.a.c.c.C.[Tomcat].[localhost].[/] - Initializing Spring DispatcherServlet 'dispatcherServlet'
70380 [http-nio-8080-exec-1] INFO  o.s.web.servlet.DispatcherServlet - Initializing Servlet 'dispatcherServlet'
70381 [http-nio-8080-exec-1] INFO  o.s.web.servlet.DispatcherServlet - Completed initialization in 1 ms
70397 [http-nio-8080-exec-1] INFO  com.korniak.myapp.user.User - User added by empty constructor
98499 [http-nio-8080-exec-4] INFO  com.korniak.myapp.user.User - User added by empty constructor
98504 [http-nio-8080-exec-4] INFO  c.k.m.c.ConnectionController - User - name: Paweł Korniak, last name: asdasdadded by addUser
98515 [http-nio-8080-exec-5] INFO  com.korniak.myapp.user.User - User added by empty constructor
2072758 [SpringContextShutdownHook] INFO  o.s.s.c.ThreadPoolTaskExecutor - Shutting down ExecutorService 'applicationTaskExecutor'
993  [main] INFO  c.korniak.myapp.MyApplicationTests - Starting MyApplicationTests using Java 11.0.9.1 on pawel-LIFEBOOK-E544 with PID 16734 (started by pawel in /home/pawel/Desktop/MyApp)
1011 [main] INFO  c.korniak.myapp.MyApplicationTests - No active profile set, falling back to default profiles: default
2028 [main] INFO  com.korniak.myapp.user.User - User - name: aaa, last name: bbbadded by full constructor
2028 [main] INFO  com.korniak.myapp.user.User - User - name: ccc, last name: dddadded by full constructor
2029 [main] INFO  com.korniak.myapp.user.User - User - name: eee, last name: fffadded by full constructor
2029 [main] INFO  com.korniak.myapp.user.User - User - name: ggg, last name: hhhadded by full constructor
2029 [main] INFO  c.k.m.c.ConnectionController - Users load by loadCars
2735 [main] INFO  o.s.s.c.ThreadPoolTaskExecutor - Initializing ExecutorService 'applicationTaskExecutor'
2924 [main] INFO  o.s.b.a.w.s.WelcomePageHandlerMapping - Adding welcome page template: index
3259 [main] INFO  c.korniak.myapp.MyApplicationTests - Started MyApplicationTests in 2.72 seconds (JVM running for 3.963)
3780 [SpringContextShutdownHook] INFO  o.s.s.c.ThreadPoolTaskExecutor - Shutting down ExecutorService 'applicationTaskExecutor'
929  [main] INFO  com.korniak.myapp.MyApplication - Starting MyApplication using Java 15.0.1 on pawel-LIFEBOOK-E544 with PID 24330 (/home/pawel/Desktop/MyApp/target/classes started by pawel in /home/pawel/Desktop/MyApp)
933  [main] INFO  com.korniak.myapp.MyApplication - No active profile set, falling back to default profiles: default
1919 [main] INFO  o.s.b.w.e.tomcat.TomcatWebServer - Tomcat initialized with port(s): 8080 (http)
1929 [main] INFO  o.a.catalina.core.StandardService - Starting service [Tomcat]
1930 [main] INFO  o.a.catalina.core.StandardEngine - Starting Servlet engine: [Apache Tomcat/9.0.41]
1981 [main] INFO  o.a.c.c.C.[Tomcat].[localhost].[/] - Initializing Spring embedded WebApplicationContext
1981 [main] INFO  o.s.b.w.s.c.ServletWebServerApplicationContext - Root WebApplicationContext: initialization completed in 977 ms
2016 [main] INFO  com.korniak.myapp.user.User - User - name: aaa, last name: bbbadded by full constructor
2017 [main] INFO  com.korniak.myapp.user.User - User - name: ccc, last name: dddadded by full constructor
2017 [main] INFO  com.korniak.myapp.user.User - User - name: eee, last name: fffadded by full constructor
2017 [main] INFO  com.korniak.myapp.user.User - User - name: ggg, last name: hhhadded by full constructor
2017 [main] INFO  c.k.m.c.ConnectionController - Users load by loadCars
2134 [main] INFO  o.s.s.c.ThreadPoolTaskExecutor - Initializing ExecutorService 'applicationTaskExecutor'
2190 [main] INFO  o.s.b.a.w.s.WelcomePageHandlerMapping - Adding welcome page template: index
2308 [main] INFO  o.s.b.w.e.tomcat.TomcatWebServer - Tomcat started on port(s): 8080 (http) with context path ''
2318 [main] INFO  com.korniak.myapp.MyApplication - Started MyApplication in 2.059 seconds (JVM running for 2.815)
8366 [http-nio-8080-exec-1] INFO  o.a.c.c.C.[Tomcat].[localhost].[/] - Initializing Spring DispatcherServlet 'dispatcherServlet'
8367 [http-nio-8080-exec-1] INFO  o.s.web.servlet.DispatcherServlet - Initializing Servlet 'dispatcherServlet'
8368 [http-nio-8080-exec-1] INFO  o.s.web.servlet.DispatcherServlet - Completed initialization in 1 ms
8386 [http-nio-8080-exec-1] INFO  com.korniak.myapp.user.User - User added by empty constructor
16129 [SpringContextShutdownHook] INFO  o.s.s.c.ThreadPoolTaskExecutor - Shutting down ExecutorService 'applicationTaskExecutor'
672  [main] INFO  com.korniak.myapp.MyApplication - Starting MyApplication using Java 11.0.9.1 on pawel-LIFEBOOK-E544 with PID 37850 (/home/pawel/Desktop/MyApp/target/classes started by pawel in /home/pawel/Desktop/MyApp)
675  [main] INFO  com.korniak.myapp.MyApplication - No active profile set, falling back to default profiles: default
1423 [main] INFO  o.s.b.w.e.tomcat.TomcatWebServer - Tomcat initialized with port(s): 8080 (http)
1431 [main] INFO  o.a.catalina.core.StandardService - Starting service [Tomcat]
1431 [main] INFO  o.a.catalina.core.StandardEngine - Starting Servlet engine: [Apache Tomcat/9.0.41]
1482 [main] INFO  o.a.c.c.C.[Tomcat].[localhost].[/] - Initializing Spring embedded WebApplicationContext
1482 [main] INFO  o.s.b.w.s.c.ServletWebServerApplicationContext - Root WebApplicationContext: initialization completed in 752 ms
1540 [main] INFO  com.korniak.myapp.user.User - User - name: aaa, last name: bbbadded by full constructor
1540 [main] INFO  com.korniak.myapp.user.User - User - name: ccc, last name: dddadded by full constructor
1540 [main] INFO  com.korniak.myapp.user.User - User - name: eee, last name: fffadded by full constructor
1540 [main] INFO  com.korniak.myapp.user.User - User - name: ggg, last name: hhhadded by full constructor
1540 [main] INFO  c.k.m.c.ConnectionController - Users load by loadCars
1638 [main] INFO  o.s.s.c.ThreadPoolTaskExecutor - Initializing ExecutorService 'applicationTaskExecutor'
1690 [main] INFO  o.s.b.a.w.s.WelcomePageHandlerMapping - Adding welcome page template: index
1793 [main] INFO  o.s.b.w.e.tomcat.TomcatWebServer - Tomcat started on port(s): 8080 (http) with context path ''
1803 [main] INFO  com.korniak.myapp.MyApplication - Started MyApplication in 1.587 seconds (JVM running for 1.941)
32761 [SpringContextShutdownHook] INFO  o.s.s.c.ThreadPoolTaskExecutor - Shutting down ExecutorService 'applicationTaskExecutor'
